[1203/011227.388:ERROR:directory_reader_win.cc(43)] FindFirstFile: The system cannot find the path specified. (0x3)
[1203/011227.450:ERROR:filesystem_win.cc(129)] GetFileAttributes C:\Users\INTEL\AppData\Local\AVAST Software\Browser\User Data\Crashpad\attachments\1c667244-db8c-4353-8d31-bdb1f2e50b26: The system cannot find the path specified. (0x3)
[1203/075631.164:ERROR:directory_reader_win.cc(43)] FindFirstFile: The system cannot find the path specified. (0x3)
[1203/130553.162:ERROR:directory_reader_win.cc(43)] FindFirstFile: The system cannot find the path specified. (0x3)
[1203/230455.624:ERROR:directory_reader_win.cc(43)] FindFirstFile: The system cannot find the path specified. (0x3)
[1204/230338.144:ERROR:directory_reader_win.cc(43)] FindFirstFile: The system cannot find the path specified. (0x3)
[1205/065612.610:ERROR:directory_reader_win.cc(43)] FindFirstFile: The system cannot find the path specified. (0x3)
[1207/232553.926:ERROR:directory_reader_win.cc(43)] FindFirstFile: The system cannot find the path specified. (0x3)
[1208/080327.480:ERROR:directory_reader_win.cc(43)] FindFirstFile: The system cannot find the path specified. (0x3)
[1211/035703.457:ERROR:directory_reader_win.cc(43)] FindFirstFile: The system cannot find the path specified. (0x3)
[1211/183419.542:ERROR:directory_reader_win.cc(43)] FindFirstFile: The system cannot find the path specified. (0x3)
[1211/231115.389:ERROR:directory_reader_win.cc(43)] FindFirstFile: The system cannot find the path specified. (0x3)
[1230/064657.053:ERROR:directory_reader_win.cc(43)] FindFirstFile: The system cannot find the path specified. (0x3)
[1230/125308.376:ERROR:directory_reader_win.cc(43)] FindFirstFile: The system cannot find the path specified. (0x3)
[1231/043006.563:ERROR:directory_reader_win.cc(43)] FindFirstFile: The system cannot find the path specified. (0x3)
[1231/044753.429:ERROR:directory_reader_win.cc(43)] FindFirstFile: The system cannot find the path specified. (0x3)
[1231/143722.956:ERROR:directory_reader_win.cc(43)] FindFirstFile: The system cannot find the path specified. (0x3)
[0104/225951.340:ERROR:directory_reader_win.cc(43)] FindFirstFile: The system cannot find the path specified. (0x3)
[0108/042343.308:ERROR:directory_reader_win.cc(43)] FindFirstFile: The system cannot find the path specified. (0x3)
[0108/143906.029:ERROR:directory_reader_win.cc(43)] FindFirstFile: The system cannot find the path specified. (0x3)
[0108/225157.153:ERROR:directory_reader_win.cc(43)] FindFirstFile: The system cannot find the path specified. (0x3)
[0110/182836.743:ERROR:directory_reader_win.cc(43)] FindFirstFile: The system cannot find the path specified. (0x3)
[0111/125344.016:ERROR:directory_reader_win.cc(43)] FindFirstFile: The system cannot find the path specified. (0x3)
[0111/232555.441:ERROR:directory_reader_win.cc(43)] FindFirstFile: The system cannot find the path specified. (0x3)
[0112/002457.905:ERROR:directory_reader_win.cc(43)] FindFirstFile: The system cannot find the path specified. (0x3)
[0112/125410.439:ERROR:directory_reader_win.cc(43)] FindFirstFile: The system cannot find the path specified. (0x3)
[0112/225434.144:ERROR:directory_reader_win.cc(43)] FindFirstFile: The system cannot find the path specified. (0x3)
[0113/232745.406:ERROR:directory_reader_win.cc(43)] FindFirstFile: The system cannot find the path specified. (0x3)
[0114/230456.139:ERROR:directory_reader_win.cc(43)] FindFirstFile: The system cannot find the path specified. (0x3)
[0114/230456.214:ERROR:filesystem_win.cc(129)] GetFileAttributes C:\Users\INTEL\AppData\Local\AVAST Software\Browser\User Data\Crashpad\attachments\a9d4c206-88b8-43de-a1d5-50c94ca854ae: The system cannot find the path specified. (0x3)
[0114/230456.230:ERROR:filesystem_win.cc(129)] GetFileAttributes C:\Users\INTEL\AppData\Local\AVAST Software\Browser\User Data\Crashpad\attachments\59c8214f-5140-4acd-9b2b-f18c74a6338c: The system cannot find the path specified. (0x3)
[0114/230456.245:ERROR:filesystem_win.cc(129)] GetFileAttributes C:\Users\INTEL\AppData\Local\AVAST Software\Browser\User Data\Crashpad\attachments\ea50a163-7f5b-4964-8f21-835ae44554c7: The system cannot find the path specified. (0x3)
[0114/230456.260:ERROR:filesystem_win.cc(129)] GetFileAttributes C:\Users\INTEL\AppData\Local\AVAST Software\Browser\User Data\Crashpad\attachments\3e88b897-5d61-4ded-a1e1-35079e699284: The system cannot find the path specified. (0x3)
[0114/230456.275:ERROR:filesystem_win.cc(129)] GetFileAttributes C:\Users\INTEL\AppData\Local\AVAST Software\Browser\User Data\Crashpad\attachments\b5a58d44-1571-493c-ad4a-193d9586281d: The system cannot find the path specified. (0x3)
[0114/230456.291:ERROR:filesystem_win.cc(129)] GetFileAttributes C:\Users\INTEL\AppData\Local\AVAST Software\Browser\User Data\Crashpad\attachments\3ef7cfed-94e2-44dc-9bca-da051f60e8f1: The system cannot find the path specified. (0x3)
[0114/230456.306:ERROR:filesystem_win.cc(129)] GetFileAttributes C:\Users\INTEL\AppData\Local\AVAST Software\Browser\User Data\Crashpad\attachments\2cf31205-dd59-4996-acff-bbc8d9813dfc: The system cannot find the path specified. (0x3)
[0114/230456.321:ERROR:filesystem_win.cc(129)] GetFileAttributes C:\Users\INTEL\AppData\Local\AVAST Software\Browser\User Data\Crashpad\attachments\1d981983-e237-45a3-86e5-2f5b384a7aa0: The system cannot find the path specified. (0x3)
[0114/230456.335:ERROR:filesystem_win.cc(129)] GetFileAttributes C:\Users\INTEL\AppData\Local\AVAST Software\Browser\User Data\Crashpad\attachments\8f3d404e-7eb7-47a0-8b2a-5201a5b34abd: The system cannot find the path specified. (0x3)
[0114/232959.011:ERROR:directory_reader_win.cc(43)] FindFirstFile: The system cannot find the path specified. (0x3)
[0115/130340.344:ERROR:directory_reader_win.cc(43)] FindFirstFile: The system cannot find the path specified. (0x3)
[0115/130340.470:ERROR:filesystem_win.cc(129)] GetFileAttributes C:\Users\INTEL\AppData\Local\AVAST Software\Browser\User Data\Crashpad\attachments\149de29a-3d91-4c64-8dc0-58283e8a9418: The system cannot find the path specified. (0x3)
[0115/130340.485:ERROR:filesystem_win.cc(129)] GetFileAttributes C:\Users\INTEL\AppData\Local\AVAST Software\Browser\User Data\Crashpad\attachments\3575149a-7900-412b-8fc7-d936d62e1696: The system cannot find the path specified. (0x3)
[0115/130340.500:ERROR:filesystem_win.cc(129)] GetFileAttributes C:\Users\INTEL\AppData\Local\AVAST Software\Browser\User Data\Crashpad\attachments\327c22fd-874c-442f-b7df-7392ec208dcd: The system cannot find the path specified. (0x3)
[0115/130340.515:ERROR:filesystem_win.cc(129)] GetFileAttributes C:\Users\INTEL\AppData\Local\AVAST Software\Browser\User Data\Crashpad\attachments\5e684aae-0bb7-4fa9-9398-bc47b1683c42: The system cannot find the path specified. (0x3)
[0115/130340.529:ERROR:filesystem_win.cc(129)] GetFileAttributes C:\Users\INTEL\AppData\Local\AVAST Software\Browser\User Data\Crashpad\attachments\49a88901-b1bf-4f72-a9d7-ecd8c4eb0750: The system cannot find the path specified. (0x3)
[0116/130810.423:ERROR:directory_reader_win.cc(43)] FindFirstFile: The system cannot find the path specified. (0x3)
[0116/130810.528:ERROR:filesystem_win.cc(129)] GetFileAttributes C:\Users\INTEL\AppData\Local\AVAST Software\Browser\User Data\Crashpad\attachments\67b9401e-c37e-4647-a1ce-74dd5fed9470: The system cannot find the path specified. (0x3)
[0116/130810.544:ERROR:filesystem_win.cc(129)] GetFileAttributes C:\Users\INTEL\AppData\Local\AVAST Software\Browser\User Data\Crashpad\attachments\464198dd-e063-4e6f-9662-9438b0b27ece: The system cannot find the path specified. (0x3)
[0116/232007.038:ERROR:directory_reader_win.cc(43)] FindFirstFile: The system cannot find the path specified. (0x3)
[0119/034119.158:ERROR:directory_reader_win.cc(43)] FindFirstFile: The system cannot find the path specified. (0x3)
[0119/034119.227:ERROR:filesystem_win.cc(129)] GetFileAttributes C:\Users\INTEL\AppData\Local\AVAST Software\Browser\User Data\Crashpad\attachments\bf3c147b-e14e-4bf2-a9c0-7be9a2725adf: The system cannot find the path specified. (0x3)
[0119/034119.241:ERROR:filesystem_win.cc(129)] GetFileAttributes C:\Users\INTEL\AppData\Local\AVAST Software\Browser\User Data\Crashpad\attachments\96f58f11-aeab-40fa-861c-59226dbb7d0a: The system cannot find the path specified. (0x3)
[0119/034119.255:ERROR:filesystem_win.cc(129)] GetFileAttributes C:\Users\INTEL\AppData\Local\AVAST Software\Browser\User Data\Crashpad\attachments\443ab98d-96ce-4ed3-87c3-7ba12f040859: The system cannot find the path specified. (0x3)
[0119/034119.270:ERROR:filesystem_win.cc(129)] GetFileAttributes C:\Users\INTEL\AppData\Local\AVAST Software\Browser\User Data\Crashpad\attachments\3d198e81-c609-438d-b177-0636b3f6b0d7: The system cannot find the path specified. (0x3)
[0119/034119.284:ERROR:filesystem_win.cc(129)] GetFileAttributes C:\Users\INTEL\AppData\Local\AVAST Software\Browser\User Data\Crashpad\attachments\30aabecf-336c-4f7c-9144-232f4e13c7dc: The system cannot find the path specified. (0x3)
[0121/131257.492:ERROR:directory_reader_win.cc(43)] FindFirstFile: The system cannot find the path specified. (0x3)
[0121/131257.558:ERROR:filesystem_win.cc(129)] GetFileAttributes C:\Users\INTEL\AppData\Local\AVAST Software\Browser\User Data\Crashpad\attachments\5886de68-bdfb-47cd-a7ff-739aa85dce35: The system cannot find the path specified. (0x3)
[0121/131257.571:ERROR:filesystem_win.cc(129)] GetFileAttributes C:\Users\INTEL\AppData\Local\AVAST Software\Browser\User Data\Crashpad\attachments\f1f05f24-4e46-41bf-bcbc-97cbeb5a6a2f: The system cannot find the path specified. (0x3)
[0121/131257.584:ERROR:filesystem_win.cc(129)] GetFileAttributes C:\Users\INTEL\AppData\Local\AVAST Software\Browser\User Data\Crashpad\attachments\35fb979d-c07c-4e76-9fc4-699c0d44f219: The system cannot find the path specified. (0x3)
[0121/131257.598:ERROR:filesystem_win.cc(129)] GetFileAttributes C:\Users\INTEL\AppData\Local\AVAST Software\Browser\User Data\Crashpad\attachments\c9e89c89-9284-45c9-89e6-c0efc3af9ec7: The system cannot find the path specified. (0x3)
[0121/131257.630:ERROR:filesystem_win.cc(129)] GetFileAttributes C:\Users\INTEL\AppData\Local\AVAST Software\Browser\User Data\Crashpad\attachments\e0b35379-1c81-4777-9274-413941d230e5: The system cannot find the path specified. (0x3)
[0121/131257.643:ERROR:filesystem_win.cc(129)] GetFileAttributes C:\Users\INTEL\AppData\Local\AVAST Software\Browser\User Data\Crashpad\attachments\2d0d8506-5b33-4111-a825-0f8f876d7147: The system cannot find the path specified. (0x3)
[0121/231046.094:ERROR:directory_reader_win.cc(43)] FindFirstFile: The system cannot find the path specified. (0x3)
[0122/135047.025:ERROR:directory_reader_win.cc(43)] FindFirstFile: The system cannot find the path specified. (0x3)
[0122/135047.091:ERROR:filesystem_win.cc(129)] GetFileAttributes C:\Users\INTEL\AppData\Local\AVAST Software\Browser\User Data\Crashpad\attachments\da71b8cf-7f35-4814-8a74-f1673e2d3d23: The system cannot find the path specified. (0x3)
[0122/231412.877:ERROR:directory_reader_win.cc(43)] FindFirstFile: The system cannot find the path specified. (0x3)
[0123/135049.867:ERROR:directory_reader_win.cc(43)] FindFirstFile: The system cannot find the path specified. (0x3)
[0123/235504.555:ERROR:directory_reader_win.cc(43)] FindFirstFile: The system cannot find the path specified. (0x3)
[0125/132041.870:ERROR:directory_reader_win.cc(43)] FindFirstFile: The system cannot find the path specified. (0x3)
[0125/132041.991:ERROR:filesystem_win.cc(129)] GetFileAttributes C:\Users\INTEL\AppData\Local\AVAST Software\Browser\User Data\Crashpad\attachments\d32a10bd-614a-41f5-9cac-20007a96a77d: The system cannot find the path specified. (0x3)
[0125/230252.548:ERROR:directory_reader_win.cc(43)] FindFirstFile: The system cannot find the path specified. (0x3)
[0126/134545.442:ERROR:directory_reader_win.cc(43)] FindFirstFile: The system cannot find the path specified. (0x3)
[0126/134545.512:ERROR:filesystem_win.cc(129)] GetFileAttributes C:\Users\INTEL\AppData\Local\AVAST Software\Browser\User Data\Crashpad\attachments\c4a129ac-9908-4ec7-96cf-9ef440b316c5: The system cannot find the path specified. (0x3)
[0126/134545.525:ERROR:filesystem_win.cc(129)] GetFileAttributes C:\Users\INTEL\AppData\Local\AVAST Software\Browser\User Data\Crashpad\attachments\c0016f12-7b19-4f54-8b27-ff1c7c37ff79: The system cannot find the path specified. (0x3)
[0126/134545.538:ERROR:filesystem_win.cc(129)] GetFileAttributes C:\Users\INTEL\AppData\Local\AVAST Software\Browser\User Data\Crashpad\attachments\883b7025-9485-4be5-adb6-e8dde544abf3: The system cannot find the path specified. (0x3)
[0126/231007.246:ERROR:directory_reader_win.cc(43)] FindFirstFile: The system cannot find the path specified. (0x3)
[0127/231456.609:ERROR:directory_reader_win.cc(43)] FindFirstFile: The system cannot find the path specified. (0x3)
[0127/231456.675:ERROR:filesystem_win.cc(129)] GetFileAttributes C:\Users\INTEL\AppData\Local\AVAST Software\Browser\User Data\Crashpad\attachments\3627a405-921f-49ad-8985-0a8687a0fd98: The system cannot find the path specified. (0x3)
[0128/142519.391:ERROR:directory_reader_win.cc(43)] FindFirstFile: The system cannot find the path specified. (0x3)
[0128/142519.460:ERROR:filesystem_win.cc(129)] GetFileAttributes C:\Users\INTEL\AppData\Local\AVAST Software\Browser\User Data\Crashpad\attachments\d3e8f8cc-c3c6-4efc-be5d-afa42e8ff1f4: The system cannot find the path specified. (0x3)
[0128/142519.473:ERROR:filesystem_win.cc(129)] GetFileAttributes C:\Users\INTEL\AppData\Local\AVAST Software\Browser\User Data\Crashpad\attachments\0e90631f-d5b5-48f9-823d-c3913b059010: The system cannot find the path specified. (0x3)
[0128/142519.486:ERROR:filesystem_win.cc(129)] GetFileAttributes C:\Users\INTEL\AppData\Local\AVAST Software\Browser\User Data\Crashpad\attachments\9867b109-3388-42d0-971b-c3a52fd194f0: The system cannot find the path specified. (0x3)
[0128/142519.500:ERROR:filesystem_win.cc(129)] GetFileAttributes C:\Users\INTEL\AppData\Local\AVAST Software\Browser\User Data\Crashpad\attachments\30327997-a89f-4612-815b-56f971d4f4ed: The system cannot find the path specified. (0x3)
[0128/142519.513:ERROR:filesystem_win.cc(129)] GetFileAttributes C:\Users\INTEL\AppData\Local\AVAST Software\Browser\User Data\Crashpad\attachments\9c9d611c-36ed-4e0d-848b-fd08711e2e50: The system cannot find the path specified. (0x3)
